


ARM Macro Assembler    Page 1 


    1 00000000                 GLOBAL           __main
    2 00000000                 AREA             main, CODE, READONLY
    3 00000000                 EXPORT           __main
    4 00000000                 EXPORT           __use_two_region_memory
    5 00000000 00000000 
                       __use_two_region_memory
                               EQU              0
    6 00000000                 EXPORT           SystemInit
    7 00000000                 ENTRY
    8 00000000         
    9 00000000         
   10 00000000         ; System Init routine
   11 00000000         SystemInit
   12 00000000         ;
   13 00000000         ; Clear data memory...
   14 00000000 4815            LDR              R0, =data_mem
   15 00000002 F04F 31FF       MOV              R1, #0xffffffff
   16 00000006 F04F 0240       MOV              R2, #64     ; 256 / 4 = 64
   17 0000000A         clr_loop
   18 0000000A F840 1B04       STR              R1, [R0], #4
   19 0000000E 3A01            SUBS             R2, #1
   20 00000010 D1FB            BNE              clr_loop
   21 00000012         FillStack
   22 00000012 4812            LDR              R0, =MAXAB
   23 00000014 F100 0004       ADD              R0, #0x4
   24 00000018 F04F 31FE       MOV              R1, #0xfefefefe
   25 0000001C F44F 7280       LDR              R2, =0x100
   26 00000020         Fill_loop
   27 00000020 F840 1B04       STR              R1, [R0], #4
   28 00000024 3A01            SUBS             R2, #1
   29 00000026 D1FB            BNE              Fill_loop
   30 00000028         
   31 00000028 490D            LDR              R1, =A      ; r1 = address of A
                                                            
   32 0000002A F04F 0005       MOV              R0, #5
   33 0000002E 6008            STR              R0, [R1]
   34 00000030 490C            LDR              R1, =B      ; r1 = address of B
                                                            
   35 00000032 F04F 000A       MOV              R0, #10
   36 00000036 6008            STR              R0, [R1]
   37 00000038         
   38 00000038 4770            BX               LR
   39 0000003A         ;
   40 0000003A         ; Main program
   41 0000003A         ;
   42 0000003A         __main
   43 0000003A         
   44 0000003A 4808            LDR              R0, =MAXAB  ; r0 = address of M
                                                            AXAB
   45 0000003C 4908            LDR              R1, =A      ; r1 = address of A
                                                            
   46 0000003E 4A09            LDR              R2, =B      ; r2 = address of B
                                                            
   47 00000040 F000 F802       BL               __max
   48 00000044         
   49 00000044         stop
   50 00000044 E7FE            B                stop
   51 00000046 00 00           ALIGN
   52 00000048         



ARM Macro Assembler    Page 2 


   53 00000048         __max
   54 00000048         ; MAX(var result, var a, var b)
   55 00000048         ; R0 – result (address)
   56 00000048         ; R1 - a (address)
   57 00000048         ; R2 – b (address)
   58 00000048 B518            PUSH             {R3, R4, LR} ; save working reg
                                                            isters 
   59 0000004A         ; and LR
   60 0000004A 680B            LDR              R3, [R1]    ; R3 = A 
   61 0000004C 6814            LDR              R4, [R2]    ; R4 = B
   62 0000004E 42A3            CMP              R3, R4      ; if (R3 < R4)
   63 00000050 BFB8 4623       MOVLT            R3, R4      ;    R3 = R4
   64 00000054 6003            STR              R3, [R0]    ; result = r3
   65 00000056 BD18            POP              {R3, R4, PC} ; restore regs. an
                                                            d return
   66 00000058         
   67 00000058                 ALIGN
   68 00000058         
   69 00000058 00000000 
              00000000 
              00000000 
              00000000 
              00000000 
              00000000 
              00000000         AREA             variables, DATA, ALIGN=2
   70 00000000         data_mem
   71 00000000         A
   72 00000000 00 00 00 
              00               SPACE            4
   73 00000004         B
   74 00000004 00 00 00 
              00               SPACE            4
   75 00000008         MAXAB
   76 00000008 00 00 00 
              00               SPACE            4
   77 0000000C         
   78 0000000C                 END
Command Line: --debug --xref --diag_suppress=9931 --cpu=Cortex-M4.fp --apcs=int
erwork --depend=.\objects\demo6.d -o.\objects\demo6.o -I.\RTE\_Target_1 -IC:\Ke
il_v5\ARM\PACK\Keil\LPC4000_DFP\2.1.0\Device\Include -IC:\Keil_v5\ARM\CMSIS\Inc
lude --predefine="__EVAL SETA 1" --predefine="__UVISION_VERSION SETA 525" --pre
define="CORE_M4 SETA 1" --list=.\listings\demo6.lst demo6.s



ARM Macro Assembler    Page 1 Alphabetic symbol ordering
Relocatable symbols

FillStack 00000012

Symbol: FillStack
   Definitions
      At line 21 in file demo6.s
   Uses
      None
Comment: FillStack unused
Fill_loop 00000020

Symbol: Fill_loop
   Definitions
      At line 26 in file demo6.s
   Uses
      At line 29 in file demo6.s
Comment: Fill_loop used once
SystemInit 00000000

Symbol: SystemInit
   Definitions
      At line 11 in file demo6.s
   Uses
      At line 6 in file demo6.s
Comment: SystemInit used once
__main 0000003A

Symbol: __main
   Definitions
      At line 42 in file demo6.s
   Uses
      At line 1 in file demo6.s
      At line 3 in file demo6.s

__max 00000048

Symbol: __max
   Definitions
      At line 53 in file demo6.s
   Uses
      At line 47 in file demo6.s
Comment: __max used once
clr_loop 0000000A

Symbol: clr_loop
   Definitions
      At line 17 in file demo6.s
   Uses
      At line 20 in file demo6.s
Comment: clr_loop used once
main 00000000

Symbol: main
   Definitions
      At line 2 in file demo6.s
   Uses
      None
Comment: main unused
stop 00000044




ARM Macro Assembler    Page 2 Alphabetic symbol ordering
Relocatable symbols

Symbol: stop
   Definitions
      At line 49 in file demo6.s
   Uses
      At line 50 in file demo6.s
Comment: stop used once
8 symbols



ARM Macro Assembler    Page 1 Alphabetic symbol ordering
Relocatable symbols

A 00000000

Symbol: A
   Definitions
      At line 71 in file demo6.s
   Uses
      At line 31 in file demo6.s
      At line 45 in file demo6.s

B 00000004

Symbol: B
   Definitions
      At line 73 in file demo6.s
   Uses
      At line 34 in file demo6.s
      At line 46 in file demo6.s

MAXAB 00000008

Symbol: MAXAB
   Definitions
      At line 75 in file demo6.s
   Uses
      At line 22 in file demo6.s
      At line 44 in file demo6.s

data_mem 00000000

Symbol: data_mem
   Definitions
      At line 70 in file demo6.s
   Uses
      At line 14 in file demo6.s
Comment: data_mem used once
variables 00000000

Symbol: variables
   Definitions
      At line 69 in file demo6.s
   Uses
      None
Comment: variables unused
5 symbols



ARM Macro Assembler    Page 1 Alphabetic symbol ordering
Absolute symbols

__use_two_region_memory 00000000

Symbol: __use_two_region_memory
   Definitions
      At line 5 in file demo6.s
   Uses
      At line 4 in file demo6.s
Comment: __use_two_region_memory used once
1 symbol
350 symbols in table
