


ARM Macro Assembler    Page 1 


    1 00000000         ;*******************************************************
                       ************************
    2 00000000         ;
    3 00000000         ;    CS 107: Computer Architecture and Organization -- L
                       AB 1
    4 00000000         ;    Filename: blinks.s
    5 00000000         ;    Date: 01.14.2020
    6 00000000         ;    Author: MAX DOKUKIN
    7 00000000         ;
    8 00000000         ;*******************************************************
                       ************************
    9 00000000         ;
   10 00000000                 GLOBAL           __main
   11 00000000                 AREA             main, CODE, READONLY
   12 00000000                 EXPORT           __main
   13 00000000                 EXPORT           __use_two_region_memory
   14 00000000 00000000 
                       __use_two_region_memory
                               EQU              0
   15 00000000                 EXPORT           SystemInit
   16 00000000                 ENTRY
   17 00000000         
   18 00000000         ;================ DO NOT CHANGE ANYTHING BELOW THIS LINE
                        =======================
   19 00000000 00000000 
                       GPIO_DIRx
                               EQU              0x00
   20 00000000 00000018 
                       GPIO_SETx
                               EQU              0x18
   21 00000000 0000001C 
                       GPIO_CLRx
                               EQU              0x1C
   22 00000000         
   23 00000000         ;
   24 00000000         ; LED1 - P1_18
   25 00000000         ; LED2 - P0_13
   26 00000000         ; LED3 - P1_13
   27 00000000         ; LED4 - P2_19
   28 00000000         
   29 00000000 20098020 
                       LED_1_PORT
                               EQU              0x20098020
   30 00000000 00040000 
                       LED_1_PIN
                               EQU              0x00040000
   31 00000000 4002C0C8 
                       LED_1_IOCON
                               EQU              0x4002C0C8
   32 00000000 00000000 
                       LED_1_CONF
                               EQU              0x00
   33 00000000 0000001C 
                       LED_1_ON
                               EQU              GPIO_CLRx
   34 00000000 00000018 
                       LED_1_OFF
                               EQU              GPIO_SETx
   35 00000000         



ARM Macro Assembler    Page 2 


   36 00000000 20098000 
                       LED_2_PORT
                               EQU              0x20098000
   37 00000000 00002000 
                       LED_2_PIN
                               EQU              0x00002000
   38 00000000 4002C034 
                       LED_2_IOCON
                               EQU              0x4002C034
   39 00000000 00000080 
                       LED_2_CONF
                               EQU              0x80
   40 00000000 0000001C 
                       LED_2_ON
                               EQU              GPIO_CLRx
   41 00000000 00000018 
                       LED_2_OFF
                               EQU              GPIO_SETx
   42 00000000         
   43 00000000 20098020 
                       LED_3_PORT
                               EQU              0x20098020
   44 00000000 00002000 
                       LED_3_PIN
                               EQU              0x00002000
   45 00000000 4002C0B4 
                       LED_3_IOCON
                               EQU              0x4002C0B4
   46 00000000 00000000 
                       LED_3_CONF
                               EQU              0x00
   47 00000000 00000018 
                       LED_3_ON
                               EQU              GPIO_SETx
   48 00000000 0000001C 
                       LED_3_OFF
                               EQU              GPIO_CLRx
   49 00000000         
   50 00000000 20098040 
                       LED_4_PORT
                               EQU              0x20098040
   51 00000000 00080000 
                       LED_4_PIN
                               EQU              0x00080000
   52 00000000 4002C14C 
                       LED_4_IOCON
                               EQU              0x4002C14C
   53 00000000 00000000 
                       LED_4_CONF
                               EQU              0x00
   54 00000000 00000018 
                       LED_4_ON
                               EQU              GPIO_SETx
   55 00000000 0000001C 
                       LED_4_OFF
                               EQU              GPIO_CLRx
   56 00000000         ;================ DO NOT CHANGE ANYTHING ABOVE THIS LINE
                        =======================
   57 00000000         



ARM Macro Assembler    Page 3 


   58 00000000 0000C350 
                       main_delay
                               EQU              50000
   59 00000000         
   60 00000000 00000064 
                       led_delay
                               EQU              100
   61 00000000         
   62 00000000 00000001 
                       LED_FLAG
                               EQU              0x01
   63 00000000         
   64 00000000         ; System Init routine
   65 00000000         SystemInit
   66 00000000 4910            LDR              R1, =LED_4_IOCON ; Configure GP
                                                            IO Pin
   67 00000002 F240 0200       MOVW             R2, #LED_4_CONF
   68 00000006 600A            STR              R2, [R1,#0]
   69 00000008 490F            LDR              R1, =LED_4_PORT ; Set pin for o
                                                            utput
   70 0000000A F44F 2200       LDR              R2, =LED_4_PIN
   71 0000000E 6808            LDR              R0, [R1,#GPIO_DIRx] ; Keep dire
                                                            ction for another p
                                                            ins in the port
   72 00000010 EA40 0002       ORR              R0, R2
   73 00000014 6008            STR              R0, [R1,#GPIO_DIRx]
   74 00000016 61CA            STR              R2, [R1,#LED_4_OFF] 
                                                            ; Turn LED off
   75 00000018         ;
   76 00000018 4770            BX               LR
   77 0000001A         ;
   78 0000001A         ; Main program
   79 0000001A         ;
   80 0000001A         __main
   81 0000001A         ;
   82 0000001A F04F 0000       MOV              R0, #0
   83 0000001E         set_delay
   84 0000001E F04F 0464       MOV              R4, #led_delay ; LED Counter;
   85 00000022         loop
   86 00000022         ;
   87 00000022         ; delay...
   88 00000022         ;
   89 00000022 F24C 3350       LDR              R3, =main_delay
   90 00000026         delay_loop
   91 00000026 1E5B            SUBS             R3, R3, #1
   92 00000028 D1FD            BNE              delay_loop
   93 0000002A         ; LED...
   94 0000002A         led
   95 0000002A 1E64            SUBS             R4, R4, #1
   96 0000002C D1F9            BNE              loop
   97 0000002E 4906            LDR              R1, =LED_4_PORT 
                                                            ; Set proper port
   98 00000030 F44F 2200       LDR              R2, =LED_4_PIN
   99 00000034 F080 0001       EOR              R0, #LED_FLAG ; Invert and chec
                                                            k the flag
  100 00000038 F010 0F01       TST              R0, #LED_FLAG
  101 0000003C BF14            ITE              NE
  102 0000003E 618A            STRNE            R2, [R1,#LED_4_ON] ; if flag==1
                                                            , turn LED on



ARM Macro Assembler    Page 4 


  103 00000040 61CA            STREQ            R2, [R1,#LED_4_OFF] ; if flag==
                                                            0, turn LED off
  104 00000042         ;
  105 00000042 E7EC            B                set_delay
  106 00000044         ;
  107 00000044                 ALIGN
  108 00000044                 END
              4002C14C 
              20098040 
Command Line: --debug --xref --diag_suppress=9931 --cpu=Cortex-M4.fp --apcs=int
erwork --depend=.\objects\blinks.d -o.\objects\blinks.o -I.\RTE\_Target_1 -IC:\
Keil_v5\ARM\PACK\Keil\LPC4000_DFP\2.1.0\Device\Include -IC:\Keil_v5\ARM\CMSIS\I
nclude --predefine="__EVAL SETA 1" --predefine="__UVISION_VERSION SETA 525" --p
redefine="CORE_M4 SETA 1" --list=.\listings\blinks.lst blinks.s



ARM Macro Assembler    Page 1 Alphabetic symbol ordering
Relocatable symbols

SystemInit 00000000

Symbol: SystemInit
   Definitions
      At line 65 in file blinks.s
   Uses
      At line 15 in file blinks.s
Comment: SystemInit used once
__main 0000001A

Symbol: __main
   Definitions
      At line 80 in file blinks.s
   Uses
      At line 10 in file blinks.s
      At line 12 in file blinks.s

delay_loop 00000026

Symbol: delay_loop
   Definitions
      At line 90 in file blinks.s
   Uses
      At line 92 in file blinks.s
Comment: delay_loop used once
led 0000002A

Symbol: led
   Definitions
      At line 94 in file blinks.s
   Uses
      None
Comment: led unused
loop 00000022

Symbol: loop
   Definitions
      At line 85 in file blinks.s
   Uses
      At line 96 in file blinks.s
Comment: loop used once
main 00000000

Symbol: main
   Definitions
      At line 11 in file blinks.s
   Uses
      None
Comment: main unused
set_delay 0000001E

Symbol: set_delay
   Definitions
      At line 83 in file blinks.s
   Uses
      At line 105 in file blinks.s
Comment: set_delay used once
7 symbols



ARM Macro Assembler    Page 1 Alphabetic symbol ordering
Absolute symbols

GPIO_CLRx 0000001C

Symbol: GPIO_CLRx
   Definitions
      At line 21 in file blinks.s
   Uses
      At line 33 in file blinks.s
      At line 40 in file blinks.s
      At line 48 in file blinks.s
      At line 55 in file blinks.s

GPIO_DIRx 00000000

Symbol: GPIO_DIRx
   Definitions
      At line 19 in file blinks.s
   Uses
      At line 71 in file blinks.s
      At line 73 in file blinks.s

GPIO_SETx 00000018

Symbol: GPIO_SETx
   Definitions
      At line 20 in file blinks.s
   Uses
      At line 34 in file blinks.s
      At line 41 in file blinks.s
      At line 47 in file blinks.s
      At line 54 in file blinks.s

LED_1_CONF 00000000

Symbol: LED_1_CONF
   Definitions
      At line 32 in file blinks.s
   Uses
      None
Comment: LED_1_CONF unused
LED_1_IOCON 4002C0C8

Symbol: LED_1_IOCON
   Definitions
      At line 31 in file blinks.s
   Uses
      None
Comment: LED_1_IOCON unused
LED_1_OFF 00000018

Symbol: LED_1_OFF
   Definitions
      At line 34 in file blinks.s
   Uses
      None
Comment: LED_1_OFF unused
LED_1_ON 0000001C

Symbol: LED_1_ON
   Definitions



ARM Macro Assembler    Page 2 Alphabetic symbol ordering
Absolute symbols

      At line 33 in file blinks.s
   Uses
      None
Comment: LED_1_ON unused
LED_1_PIN 00040000

Symbol: LED_1_PIN
   Definitions
      At line 30 in file blinks.s
   Uses
      None
Comment: LED_1_PIN unused
LED_1_PORT 20098020

Symbol: LED_1_PORT
   Definitions
      At line 29 in file blinks.s
   Uses
      None
Comment: LED_1_PORT unused
LED_2_CONF 00000080

Symbol: LED_2_CONF
   Definitions
      At line 39 in file blinks.s
   Uses
      None
Comment: LED_2_CONF unused
LED_2_IOCON 4002C034

Symbol: LED_2_IOCON
   Definitions
      At line 38 in file blinks.s
   Uses
      None
Comment: LED_2_IOCON unused
LED_2_OFF 00000018

Symbol: LED_2_OFF
   Definitions
      At line 41 in file blinks.s
   Uses
      None
Comment: LED_2_OFF unused
LED_2_ON 0000001C

Symbol: LED_2_ON
   Definitions
      At line 40 in file blinks.s
   Uses
      None
Comment: LED_2_ON unused
LED_2_PIN 00002000

Symbol: LED_2_PIN
   Definitions
      At line 37 in file blinks.s
   Uses
      None



ARM Macro Assembler    Page 3 Alphabetic symbol ordering
Absolute symbols

Comment: LED_2_PIN unused
LED_2_PORT 20098000

Symbol: LED_2_PORT
   Definitions
      At line 36 in file blinks.s
   Uses
      None
Comment: LED_2_PORT unused
LED_3_CONF 00000000

Symbol: LED_3_CONF
   Definitions
      At line 46 in file blinks.s
   Uses
      None
Comment: LED_3_CONF unused
LED_3_IOCON 4002C0B4

Symbol: LED_3_IOCON
   Definitions
      At line 45 in file blinks.s
   Uses
      None
Comment: LED_3_IOCON unused
LED_3_OFF 0000001C

Symbol: LED_3_OFF
   Definitions
      At line 48 in file blinks.s
   Uses
      None
Comment: LED_3_OFF unused
LED_3_ON 00000018

Symbol: LED_3_ON
   Definitions
      At line 47 in file blinks.s
   Uses
      None
Comment: LED_3_ON unused
LED_3_PIN 00002000

Symbol: LED_3_PIN
   Definitions
      At line 44 in file blinks.s
   Uses
      None
Comment: LED_3_PIN unused
LED_3_PORT 20098020

Symbol: LED_3_PORT
   Definitions
      At line 43 in file blinks.s
   Uses
      None
Comment: LED_3_PORT unused
LED_4_CONF 00000000




ARM Macro Assembler    Page 4 Alphabetic symbol ordering
Absolute symbols

Symbol: LED_4_CONF
   Definitions
      At line 53 in file blinks.s
   Uses
      At line 67 in file blinks.s
Comment: LED_4_CONF used once
LED_4_IOCON 4002C14C

Symbol: LED_4_IOCON
   Definitions
      At line 52 in file blinks.s
   Uses
      At line 66 in file blinks.s
Comment: LED_4_IOCON used once
LED_4_OFF 0000001C

Symbol: LED_4_OFF
   Definitions
      At line 55 in file blinks.s
   Uses
      At line 74 in file blinks.s
      At line 103 in file blinks.s

LED_4_ON 00000018

Symbol: LED_4_ON
   Definitions
      At line 54 in file blinks.s
   Uses
      At line 102 in file blinks.s
Comment: LED_4_ON used once
LED_4_PIN 00080000

Symbol: LED_4_PIN
   Definitions
      At line 51 in file blinks.s
   Uses
      At line 70 in file blinks.s
      At line 98 in file blinks.s

LED_4_PORT 20098040

Symbol: LED_4_PORT
   Definitions
      At line 50 in file blinks.s
   Uses
      At line 69 in file blinks.s
      At line 97 in file blinks.s

LED_FLAG 00000001

Symbol: LED_FLAG
   Definitions
      At line 62 in file blinks.s
   Uses
      At line 99 in file blinks.s
      At line 100 in file blinks.s

__use_two_region_memory 00000000



ARM Macro Assembler    Page 5 Alphabetic symbol ordering
Absolute symbols


Symbol: __use_two_region_memory
   Definitions
      At line 14 in file blinks.s
   Uses
      At line 13 in file blinks.s
Comment: __use_two_region_memory used once
led_delay 00000064

Symbol: led_delay
   Definitions
      At line 60 in file blinks.s
   Uses
      At line 84 in file blinks.s
Comment: led_delay used once
main_delay 0000C350

Symbol: main_delay
   Definitions
      At line 58 in file blinks.s
   Uses
      At line 89 in file blinks.s
Comment: main_delay used once
31 symbols
374 symbols in table
